<?xml version="1.0" encoding="UTF-8"?>
<testng-results ignored="0" total="1" passed="1" failed="0" skipped="0">
  <reporter-output>
  </reporter-output>
  <suite started-at="2024-06-14T23:05:49 IST" name="Default suite" finished-at="2024-06-14T23:08:16 IST" duration-ms="147019">
    <groups>
    </groups>
    <test started-at="2024-06-14T23:05:49 IST" name="Default test" finished-at="2024-06-14T23:08:16 IST" duration-ms="147019">
      <class name="testpkg.SSLogintest">
        <test-method is-config="true" signature="setUp()[pri:0, instance:testpkg.SSLogintest@5e600dd5]" started-at="2024-06-14T23:05:49 IST" name="setUp" finished-at="2024-06-14T23:06:58 IST" duration-ms="69440" status="PASS">
          <reporter-output>
          </reporter-output>
        </test-method> <!-- setUp -->
        <test-method signature="loginvalidationtest()[pri:0, instance:testpkg.SSLogintest@5e600dd5]" started-at="2024-06-14T23:06:58 IST" name="loginvalidationtest" finished-at="2024-06-14T23:08:16 IST" duration-ms="77496" status="PASS">
          <reporter-output>
          </reporter-output>
        </test-method> <!-- loginvalidationtest -->
      </class> <!-- testpkg.SSLogintest -->
    </test> <!-- Default test -->
  </suite> <!-- Default suite -->
</testng-results>
